This is pdfTeX, Version 3.14159265-2.6-1.40.21 (TeX Live 2020/Debian) (preloaded format=pdflatex 2020.10.28)  17 DEC 2020 14:16
entering extended mode
 restricted \write18 enabled.
 %&-line parsing enabled.
**DiscB.tex
(./DiscB.tex
LaTeX2e <2020-02-02> patch level 5
L3 programming layer <2020-07-17>)
! Emergency stop.
<*> DiscB.tex
             
*** (job aborted, no legal \end found)

 
Here is how much of TeX's memory you used:
 16 strings out of 482752
 381 string characters out of 5954029
 237821 words of memory out of 5000000
 15478 multiletter control sequences out of 15000+600000
 535088 words of font info for 29 fonts, out of 8000000 for 9000
 59 hyphenation exceptions out of 8191
 12i,0n,15p,41b,8s stack positions out of 5000i,500n,10000p,200000b,80000s
!  ==> Fatal error occurred, no output PDF file produced!
