\BOOKMARK [1][-]{section.1}{Introduction}{}% 1
\BOOKMARK [1][-]{section.2}{Fluides, Macro, Micro et M\351so}{}% 2
\BOOKMARK [1][-]{section.3}{Grandeurs \046 Conventions}{}% 3
\BOOKMARK [1][-]{section.4}{Discr\351tisations pour le cas D2Q9}{}% 4
\BOOKMARK [1][-]{section.5}{De l'\351quation de Boltzmann aux LBM \(LBGK\)}{}% 5
\BOOKMARK [1][-]{section.6}{Conditions aux bornes \046 interactions}{}% 6
\BOOKMARK [2][-]{subsection.6.1}{Conditions p\351riodiques :}{section.6}% 7
\BOOKMARK [2][-]{subsection.6.2}{Entr\351e \340 vitesse impos\351e :}{section.6}% 8
\BOOKMARK [2][-]{subsection.6.3}{Sortie \340 pression impos\351e :}{section.6}% 9
\BOOKMARK [2][-]{subsection.6.4}{collision sans glissement :}{section.6}% 10
\BOOKMARK [1][-]{section.7}{Algorithme \046 impl\351mentation}{}% 11
\BOOKMARK [1][-]{section.8}{Premiers tests et \351coulements ind\351pendant du temps.}{}% 12
\BOOKMARK [1][-]{section.9}{Solutions p\351riodiques et all\351e de tourbillons de Von Karman.}{}% 13
\BOOKMARK [1][-]{section.10}{Solution chaotiques}{}% 14
\BOOKMARK [1][-]{section.11}{Conclusion}{}% 15
\BOOKMARK [1][-]{section.12}{Code Fortran}{}% 16
\BOOKMARK [1][-]{section.13}{Code Python pour les animations et l'analyse des donn\351es}{}% 17
\BOOKMARK [1][-]{section.14}{Animation fluide}{}% 18
\BOOKMARK [1][-]{section.15}{Animation analyse Poiseuille}{}% 19
\BOOKMARK [1][-]{section.16}{Animation analyse Von Karmann}{}% 20
\BOOKMARK [1][-]{section.17}{Automatisation et animations}{}% 21
